0:0:0:0:0:0:0:1%0 -  -  [22/Jul/2012:19:00:57 +0000] "GET /mod-repo/auth/register HTTP/1.1" 200 1203 
0:0:0:0:0:0:0:1%0 -  -  [22/Jul/2012:19:00:57 +0000] "GET /mod-repo/js/pwdwidget.js HTTP/1.1" 200 6764 
0:0:0:0:0:0:0:1%0 -  -  [22/Jul/2012:19:00:57 +0000] "GET /mod-repo/css/pwdwidget.css HTTP/1.1" 200 559 
0:0:0:0:0:0:0:1%0 -  -  [22/Jul/2012:19:01:17 +0000] "POST /mod-repo/auth/register HTTP/1.1" 302 0 
0:0:0:0:0:0:0:1%0 -  -  [22/Jul/2012:19:01:18 +0000] "GET /mod-repo/ HTTP/1.1" 404 1395 
0:0:0:0:0:0:0:1%0 -  -  [22/Jul/2012:19:02:06 +0000] "GET /mod-repo/auth/register HTTP/1.1" 200 1215 
0:0:0:0:0:0:0:1%0 -  -  [22/Jul/2012:19:02:26 +0000] "GET /mod-repo/auth/register HTTP/1.1" 200 1209 
0:0:0:0:0:0:0:1%0 -  -  [22/Jul/2012:19:02:27 +0000] "GET /mod-repo/js/pwdwidget.js HTTP/1.1" 304 0 
0:0:0:0:0:0:0:1%0 -  -  [22/Jul/2012:19:02:27 +0000] "GET /mod-repo/css/pwdwidget.css HTTP/1.1" 304 0 
0:0:0:0:0:0:0:1%0 -  -  [22/Jul/2012:19:02:40 +0000] "GET /mod-repo/auth/register HTTP/1.1" 200 1209 
0:0:0:0:0:0:0:1%0 -  -  [22/Jul/2012:19:02:40 +0000] "GET /mod-repo/js/pwdwidget.js HTTP/1.1" 304 0 
0:0:0:0:0:0:0:1%0 -  -  [22/Jul/2012:19:02:40 +0000] "GET /mod-repo/css/pwdwidget.css HTTP/1.1" 304 0 
0:0:0:0:0:0:0:1%0 -  -  [22/Jul/2012:21:29:37 +0000] "GET /mod-repo/auth/register HTTP/1.1" 200 1987 
0:0:0:0:0:0:0:1%0 -  -  [22/Jul/2012:21:29:48 +0000] "GET /mod-repo/auth/register HTTP/1.1" 200 1987 
0:0:0:0:0:0:0:1%0 -  -  [22/Jul/2012:21:29:48 +0000] "GET /mod-repo/auth/register HTTP/1.1" 200 1987 
0:0:0:0:0:0:0:1%0 -  -  [22/Jul/2012:21:29:48 +0000] "GET /mod-repo/js/pwdwidget.js HTTP/1.1" 304 0 
0:0:0:0:0:0:0:1%0 -  -  [22/Jul/2012:21:29:48 +0000] "GET /mod-repo/css/pwdwidget.css HTTP/1.1" 304 0 
0:0:0:0:0:0:0:1%0 -  -  [22/Jul/2012:21:30:33 +0000] "GET /mod-repo/auth/register HTTP/1.1" 200 1987 
0:0:0:0:0:0:0:1%0 -  -  [22/Jul/2012:21:30:33 +0000] "GET /mod-repo/auth/register HTTP/1.1" 200 1987 
0:0:0:0:0:0:0:1%0 -  -  [22/Jul/2012:21:30:33 +0000] "GET /mod-repo/js/pwdwidget.js HTTP/1.1" 304 0 
0:0:0:0:0:0:0:1%0 -  -  [22/Jul/2012:21:30:33 +0000] "GET /mod-repo/css/pwdwidget.css HTTP/1.1" 304 0 
0:0:0:0:0:0:0:1%0 -  -  [22/Jul/2012:21:30:33 +0000] "GET /mod-repo/auth/register HTTP/1.1" 200 1987 
0:0:0:0:0:0:0:1%0 -  -  [22/Jul/2012:21:34:06 +0000] "GET /mod-repo/auth/register HTTP/1.1" 200 1987 
0:0:0:0:0:0:0:1%0 -  -  [22/Jul/2012:21:34:10 +0000] "GET /mod-repo/auth/register HTTP/1.1" 200 1987 
0:0:0:0:0:0:0:1%0 -  -  [22/Jul/2012:21:34:12 +0000] "GET /mod-repo/auth/register HTTP/1.1" 200 1987 
0:0:0:0:0:0:0:1%0 -  -  [22/Jul/2012:21:37:35 +0000] "GET /mod-repo/auth/register HTTP/1.1" 200 1820 
0:0:0:0:0:0:0:1%0 -  -  [22/Jul/2012:21:37:36 +0000] "GET /mod-repo/css/smoothness/jquery-ui-1.8.21.custom.css HTTP/1.1" 200 33251 
0:0:0:0:0:0:0:1%0 -  -  [22/Jul/2012:21:37:36 +0000] "GET /mod-repo/css/pwdwidget.css HTTP/1.1" 304 0 
0:0:0:0:0:0:0:1%0 -  -  [22/Jul/2012:21:37:36 +0000] "GET /mod-repo/js/pwdwidget.js HTTP/1.1" 304 0 
0:0:0:0:0:0:0:1%0 -  -  [22/Jul/2012:21:37:36 +0000] "GET /mod-repo/js/modrepo.js HTTP/1.1" 200 71 
0:0:0:0:0:0:0:1%0 -  -  [22/Jul/2012:21:37:36 +0000] "GET /mod-repo/css/main.css HTTP/1.1" 200 17 
0:0:0:0:0:0:0:1%0 -  -  [22/Jul/2012:21:37:36 +0000] "GET /mod-repo/js/jquery-1.7.2.min.js HTTP/1.1" 200 94840 
0:0:0:0:0:0:0:1%0 -  -  [22/Jul/2012:21:37:36 +0000] "GET /mod-repo/js/jquery-ui-1.8.21.custom.min.js HTTP/1.1" 200 180992 
0:0:0:0:0:0:0:1%0 -  -  [22/Jul/2012:21:37:36 +0000] "GET /mod-repo/css/smoothness/images/ui-bg_glass_75_e6e6e6_1x400.png HTTP/1.1" 404 1448 
0:0:0:0:0:0:0:1%0 -  -  [22/Jul/2012:21:37:39 +0000] "GET /mod-repo/css/smoothness/images/ui-bg_glass_75_dadada_1x400.png HTTP/1.1" 404 1448 
0:0:0:0:0:0:0:1%0 -  -  [22/Jul/2012:21:38:50 +0000] "GET /mod-repo/auth/register HTTP/1.1" 200 1835 
0:0:0:0:0:0:0:1%0 -  -  [22/Jul/2012:21:38:50 +0000] "GET /mod-repo/css/smoothness/jquery-ui-1.8.21.custom.css HTTP/1.1" 304 0 
0:0:0:0:0:0:0:1%0 -  -  [22/Jul/2012:21:38:50 +0000] "GET /mod-repo/js/jquery-ui-1.8.21.custom.min.js HTTP/1.1" 304 0 
0:0:0:0:0:0:0:1%0 -  -  [22/Jul/2012:21:38:50 +0000] "GET /mod-repo/js/jquery-1.7.2.min.js HTTP/1.1" 304 0 
0:0:0:0:0:0:0:1%0 -  -  [22/Jul/2012:21:38:50 +0000] "GET /mod-repo/css/main.css HTTP/1.1" 304 0 
0:0:0:0:0:0:0:1%0 -  -  [22/Jul/2012:21:38:50 +0000] "GET /mod-repo/js/modrepo.js HTTP/1.1" 304 0 
0:0:0:0:0:0:0:1%0 -  -  [22/Jul/2012:21:38:50 +0000] "GET /mod-repo/css/pwdwidget.css HTTP/1.1" 304 0 
0:0:0:0:0:0:0:1%0 -  -  [22/Jul/2012:21:38:50 +0000] "GET /mod-repo/js/pwdwidget.js HTTP/1.1" 304 0 
0:0:0:0:0:0:0:1%0 -  -  [22/Jul/2012:21:38:50 +0000] "GET /mod-repo/css/smoothness/images/ui-bg_glass_75_e6e6e6_1x400.png HTTP/1.1" 404 1448 
0:0:0:0:0:0:0:1%0 -  -  [22/Jul/2012:21:38:53 +0000] "GET /mod-repo/css/smoothness/images/ui-bg_glass_75_dadada_1x400.png HTTP/1.1" 404 1448 
0:0:0:0:0:0:0:1%0 -  -  [22/Jul/2012:21:38:55 +0000] "GET /mod-repo/css/smoothness/images/ui-bg_glass_65_ffffff_1x400.png HTTP/1.1" 404 1448 
0:0:0:0:0:0:0:1%0 -  -  [22/Jul/2012:21:38:56 +0000] "POST /mod-repo/auth/register HTTP/1.1" 200 1983 
0:0:0:0:0:0:0:1%0 -  -  [22/Jul/2012:21:38:56 +0000] "GET /mod-repo/css/smoothness/images/ui-bg_glass_75_e6e6e6_1x400.png HTTP/1.1" 404 1448 
0:0:0:0:0:0:0:1%0 -  -  [22/Jul/2012:21:43:47 +0000] "POST /mod-repo/auth/register HTTP/1.1" 200 2034 
0:0:0:0:0:0:0:1%0 -  -  [22/Jul/2012:21:43:47 +0000] "GET /mod-repo/js/jquery-1.7.2.min.js HTTP/1.1" 304 0 
0:0:0:0:0:0:0:1%0 -  -  [22/Jul/2012:21:43:47 +0000] "GET /mod-repo/css/smoothness/jquery-ui-1.8.21.custom.css HTTP/1.1" 304 0 
0:0:0:0:0:0:0:1%0 -  -  [22/Jul/2012:21:43:47 +0000] "GET /mod-repo/css/pwdwidget.css HTTP/1.1" 304 0 
0:0:0:0:0:0:0:1%0 -  -  [22/Jul/2012:21:43:47 +0000] "GET /mod-repo/css/main.css HTTP/1.1" 304 0 
0:0:0:0:0:0:0:1%0 -  -  [22/Jul/2012:21:43:47 +0000] "GET /mod-repo/js/modrepo.js HTTP/1.1" 304 0 
0:0:0:0:0:0:0:1%0 -  -  [22/Jul/2012:21:43:47 +0000] "GET /mod-repo/js/jquery-ui-1.8.21.custom.min.js HTTP/1.1" 304 0 
0:0:0:0:0:0:0:1%0 -  -  [22/Jul/2012:21:43:47 +0000] "GET /mod-repo/js/pwdwidget.js HTTP/1.1" 304 0 
0:0:0:0:0:0:0:1%0 -  -  [22/Jul/2012:21:43:47 +0000] "GET /mod-repo/css/smoothness/images/ui-bg_highlight-soft_75_cccccc_1x100.png HTTP/1.1" 404 1457 
0:0:0:0:0:0:0:1%0 -  -  [22/Jul/2012:21:43:47 +0000] "GET /mod-repo/css/smoothness/images/ui-bg_glass_75_e6e6e6_1x400.png HTTP/1.1" 404 1448 
0:0:0:0:0:0:0:1%0 -  -  [22/Jul/2012:21:43:47 +0000] "GET /mod-repo/css/smoothness/images/ui-bg_flat_75_ffffff_40x100.png HTTP/1.1" 404 1448 
0:0:0:0:0:0:0:1%0 -  -  [22/Jul/2012:21:44:45 +0000] "POST /mod-repo/auth/register HTTP/1.1" 200 2052 
0:0:0:0:0:0:0:1%0 -  -  [22/Jul/2012:21:44:45 +0000] "GET /mod-repo/js/jquery-1.7.2.min.js HTTP/1.1" 304 0 
0:0:0:0:0:0:0:1%0 -  -  [22/Jul/2012:21:44:45 +0000] "GET /mod-repo/css/smoothness/jquery-ui-1.8.21.custom.css HTTP/1.1" 304 0 
0:0:0:0:0:0:0:1%0 -  -  [22/Jul/2012:21:44:45 +0000] "GET /mod-repo/css/main.css HTTP/1.1" 304 0 
0:0:0:0:0:0:0:1%0 -  -  [22/Jul/2012:21:44:45 +0000] "GET /mod-repo/js/jquery-ui-1.8.21.custom.min.js HTTP/1.1" 304 0 
0:0:0:0:0:0:0:1%0 -  -  [22/Jul/2012:21:44:45 +0000] "GET /mod-repo/js/modrepo.js HTTP/1.1" 304 0 
0:0:0:0:0:0:0:1%0 -  -  [22/Jul/2012:21:44:45 +0000] "GET /mod-repo/css/pwdwidget.css HTTP/1.1" 304 0 
0:0:0:0:0:0:0:1%0 -  -  [22/Jul/2012:21:44:45 +0000] "GET /mod-repo/js/pwdwidget.js HTTP/1.1" 304 0 
0:0:0:0:0:0:0:1%0 -  -  [22/Jul/2012:21:44:45 +0000] "GET /mod-repo/css/smoothness/images/ui-bg_flat_75_ffffff_40x100.png HTTP/1.1" 404 1448 
0:0:0:0:0:0:0:1%0 -  -  [22/Jul/2012:21:44:45 +0000] "GET /mod-repo/css/smoothness/images/ui-bg_highlight-soft_75_cccccc_1x100.png HTTP/1.1" 404 1457 
0:0:0:0:0:0:0:1%0 -  -  [22/Jul/2012:21:44:45 +0000] "GET /mod-repo/css/smoothness/images/ui-bg_glass_75_e6e6e6_1x400.png HTTP/1.1" 404 1448 
0:0:0:0:0:0:0:1%0 -  -  [22/Jul/2012:21:44:54 +0000] "POST /mod-repo/auth/register HTTP/1.1" 200 2035 
0:0:0:0:0:0:0:1%0 -  -  [22/Jul/2012:21:44:54 +0000] "GET /mod-repo/js/modrepo.js HTTP/1.1" 304 0 
0:0:0:0:0:0:0:1%0 -  -  [22/Jul/2012:21:44:54 +0000] "GET /mod-repo/css/main.css HTTP/1.1" 304 0 
0:0:0:0:0:0:0:1%0 -  -  [22/Jul/2012:21:44:54 +0000] "GET /mod-repo/css/smoothness/jquery-ui-1.8.21.custom.css HTTP/1.1" 304 0 
0:0:0:0:0:0:0:1%0 -  -  [22/Jul/2012:21:44:54 +0000] "GET /mod-repo/js/jquery-1.7.2.min.js HTTP/1.1" 304 0 
0:0:0:0:0:0:0:1%0 -  -  [22/Jul/2012:21:44:54 +0000] "GET /mod-repo/js/jquery-ui-1.8.21.custom.min.js HTTP/1.1" 304 0 
0:0:0:0:0:0:0:1%0 -  -  [22/Jul/2012:21:44:54 +0000] "GET /mod-repo/css/pwdwidget.css HTTP/1.1" 304 0 
0:0:0:0:0:0:0:1%0 -  -  [22/Jul/2012:21:44:54 +0000] "GET /mod-repo/js/pwdwidget.js HTTP/1.1" 304 0 
0:0:0:0:0:0:0:1%0 -  -  [22/Jul/2012:21:44:54 +0000] "GET /mod-repo/css/smoothness/images/ui-bg_flat_75_ffffff_40x100.png HTTP/1.1" 404 1448 
0:0:0:0:0:0:0:1%0 -  -  [22/Jul/2012:21:44:54 +0000] "GET /mod-repo/css/smoothness/images/ui-bg_glass_75_e6e6e6_1x400.png HTTP/1.1" 404 1448 
0:0:0:0:0:0:0:1%0 -  -  [22/Jul/2012:21:45:08 +0000] "POST /mod-repo/auth/register HTTP/1.1" 200 2034 
0:0:0:0:0:0:0:1%0 -  -  [22/Jul/2012:21:45:09 +0000] "GET /mod-repo/js/modrepo.js HTTP/1.1" 304 0 
0:0:0:0:0:0:0:1%0 -  -  [22/Jul/2012:21:45:09 +0000] "GET /mod-repo/css/smoothness/jquery-ui-1.8.21.custom.css HTTP/1.1" 304 0 
0:0:0:0:0:0:0:1%0 -  -  [22/Jul/2012:21:45:09 +0000] "GET /mod-repo/css/main.css HTTP/1.1" 304 0 
0:0:0:0:0:0:0:1%0 -  -  [22/Jul/2012:21:45:09 +0000] "GET /mod-repo/js/jquery-1.7.2.min.js HTTP/1.1" 304 0 
0:0:0:0:0:0:0:1%0 -  -  [22/Jul/2012:21:45:09 +0000] "GET /mod-repo/js/jquery-ui-1.8.21.custom.min.js HTTP/1.1" 304 0 
0:0:0:0:0:0:0:1%0 -  -  [22/Jul/2012:21:45:09 +0000] "GET /mod-repo/css/pwdwidget.css HTTP/1.1" 304 0 
0:0:0:0:0:0:0:1%0 -  -  [22/Jul/2012:21:45:09 +0000] "GET /mod-repo/js/pwdwidget.js HTTP/1.1" 304 0 
0:0:0:0:0:0:0:1%0 -  -  [22/Jul/2012:21:45:09 +0000] "GET /mod-repo/css/smoothness/images/ui-bg_flat_75_ffffff_40x100.png HTTP/1.1" 404 1448 
0:0:0:0:0:0:0:1%0 -  -  [22/Jul/2012:21:45:09 +0000] "GET /mod-repo/css/smoothness/images/ui-bg_highlight-soft_75_cccccc_1x100.png HTTP/1.1" 404 1457 
0:0:0:0:0:0:0:1%0 -  -  [22/Jul/2012:21:45:09 +0000] "GET /mod-repo/css/smoothness/images/ui-bg_glass_75_e6e6e6_1x400.png HTTP/1.1" 404 1448 
0:0:0:0:0:0:0:1%0 -  -  [22/Jul/2012:21:46:06 +0000] "POST /mod-repo/auth/register HTTP/1.1" 200 2034 
0:0:0:0:0:0:0:1%0 -  -  [22/Jul/2012:21:46:06 +0000] "GET /mod-repo/css/smoothness/jquery-ui-1.8.21.custom.css HTTP/1.1" 304 0 
0:0:0:0:0:0:0:1%0 -  -  [22/Jul/2012:21:46:06 +0000] "GET /mod-repo/css/main.css HTTP/1.1" 304 0 
0:0:0:0:0:0:0:1%0 -  -  [22/Jul/2012:21:46:06 +0000] "GET /mod-repo/css/pwdwidget.css HTTP/1.1" 304 0 
0:0:0:0:0:0:0:1%0 -  -  [22/Jul/2012:21:46:06 +0000] "GET /mod-repo/js/jquery-1.7.2.min.js HTTP/1.1" 304 0 
0:0:0:0:0:0:0:1%0 -  -  [22/Jul/2012:21:46:06 +0000] "GET /mod-repo/js/modrepo.js HTTP/1.1" 200 113 
0:0:0:0:0:0:0:1%0 -  -  [22/Jul/2012:21:46:06 +0000] "GET /mod-repo/js/jquery-ui-1.8.21.custom.min.js HTTP/1.1" 304 0 
0:0:0:0:0:0:0:1%0 -  -  [22/Jul/2012:21:46:06 +0000] "GET /mod-repo/js/pwdwidget.js HTTP/1.1" 304 0 
0:0:0:0:0:0:0:1%0 -  -  [22/Jul/2012:21:46:06 +0000] "GET /mod-repo/css/smoothness/images/ui-bg_glass_75_e6e6e6_1x400.png HTTP/1.1" 404 1448 
0:0:0:0:0:0:0:1%0 -  -  [22/Jul/2012:21:46:06 +0000] "GET /mod-repo/css/smoothness/images/ui-bg_highlight-soft_75_cccccc_1x100.png HTTP/1.1" 404 1457 
0:0:0:0:0:0:0:1%0 -  -  [22/Jul/2012:21:46:06 +0000] "GET /mod-repo/css/smoothness/images/ui-bg_flat_75_ffffff_40x100.png HTTP/1.1" 404 1448 
0:0:0:0:0:0:0:1%0 -  -  [22/Jul/2012:21:46:24 +0000] "GET /mod-repo/auth/register HTTP/1.1" 200 1886 
0:0:0:0:0:0:0:1%0 -  -  [22/Jul/2012:21:46:24 +0000] "GET /mod-repo/js/modrepo.js HTTP/1.1" 200 71 
0:0:0:0:0:0:0:1%0 -  -  [22/Jul/2012:21:46:24 +0000] "GET /mod-repo/css/smoothness/images/ui-bg_flat_75_ffffff_40x100.png HTTP/1.1" 404 1448 
0:0:0:0:0:0:0:1%0 -  -  [22/Jul/2012:21:46:24 +0000] "GET /mod-repo/css/smoothness/images/ui-bg_glass_75_e6e6e6_1x400.png HTTP/1.1" 404 1448 
0:0:0:0:0:0:0:1%0 -  -  [22/Jul/2012:21:46:24 +0000] "GET /mod-repo/css/smoothness/images/ui-bg_highlight-soft_75_cccccc_1x100.png HTTP/1.1" 404 1457 
0:0:0:0:0:0:0:1%0 -  -  [22/Jul/2012:21:46:27 +0000] "GET /mod-repo/css/smoothness/images/ui-bg_glass_75_dadada_1x400.png HTTP/1.1" 404 1448 
0:0:0:0:0:0:0:1%0 -  -  [22/Jul/2012:21:51:36 +0000] "GET /mod-repo/auth/register HTTP/1.1" 200 1878 
0:0:0:0:0:0:0:1%0 -  -  [22/Jul/2012:21:51:36 +0000] "GET /mod-repo/css/smoothness/jquery-ui-1.8.21.custom.css HTTP/1.1" 304 0 
0:0:0:0:0:0:0:1%0 -  -  [22/Jul/2012:21:51:36 +0000] "GET /mod-repo/js/jquery-ui-1.8.21.custom.min.js HTTP/1.1" 304 0 
0:0:0:0:0:0:0:1%0 -  -  [22/Jul/2012:21:51:36 +0000] "GET /mod-repo/js/modrepo.js HTTP/1.1" 304 0 
0:0:0:0:0:0:0:1%0 -  -  [22/Jul/2012:21:51:36 +0000] "GET /mod-repo/js/jquery-1.7.2.min.js HTTP/1.1" 304 0 
0:0:0:0:0:0:0:1%0 -  -  [22/Jul/2012:21:51:36 +0000] "GET /mod-repo/css/pwdwidget.css HTTP/1.1" 304 0 
0:0:0:0:0:0:0:1%0 -  -  [22/Jul/2012:21:51:36 +0000] "GET /mod-repo/css/main.css HTTP/1.1" 304 0 
0:0:0:0:0:0:0:1%0 -  -  [22/Jul/2012:21:51:36 +0000] "GET /mod-repo/js/pwdwidget.js HTTP/1.1" 304 0 
0:0:0:0:0:0:0:1%0 -  -  [22/Jul/2012:21:51:36 +0000] "GET /mod-repo/css/smoothness/images/ui-bg_glass_75_e6e6e6_1x400.png HTTP/1.1" 404 1448 
0:0:0:0:0:0:0:1%0 -  -  [22/Jul/2012:21:51:36 +0000] "GET /mod-repo/css/smoothness/images/ui-bg_highlight-soft_75_cccccc_1x100.png HTTP/1.1" 404 1457 
0:0:0:0:0:0:0:1%0 -  -  [22/Jul/2012:22:00:03 +0000] "GET /mod-repo/auth/register HTTP/1.1" 200 1982 
0:0:0:0:0:0:0:1%0 -  -  [22/Jul/2012:22:00:04 +0000] "GET /mod-repo/css/smoothness/jquery-ui-1.8.21.custom.css HTTP/1.1" 304 0 
0:0:0:0:0:0:0:1%0 -  -  [22/Jul/2012:22:00:04 +0000] "GET /mod-repo/js/modrepo.js HTTP/1.1" 304 0 
0:0:0:0:0:0:0:1%0 -  -  [22/Jul/2012:22:00:04 +0000] "GET /mod-repo/js/jquery-ui-1.8.21.custom.min.js HTTP/1.1" 304 0 
0:0:0:0:0:0:0:1%0 -  -  [22/Jul/2012:22:00:04 +0000] "GET /mod-repo/css/main.css HTTP/1.1" 200 295 
0:0:0:0:0:0:0:1%0 -  -  [22/Jul/2012:22:00:04 +0000] "GET /mod-repo/js/jquery-1.7.2.min.js HTTP/1.1" 304 0 
0:0:0:0:0:0:0:1%0 -  -  [22/Jul/2012:22:00:04 +0000] "GET /mod-repo/css/pwdwidget.css HTTP/1.1" 304 0 
0:0:0:0:0:0:0:1%0 -  -  [22/Jul/2012:22:00:05 +0000] "GET /mod-repo/js/pwdwidget.js HTTP/1.1" 304 0 
0:0:0:0:0:0:0:1%0 -  -  [22/Jul/2012:22:00:05 +0000] "GET /mod-repo/css/smoothness/images/ui-bg_highlight-soft_75_cccccc_1x100.png HTTP/1.1" 404 1457 
0:0:0:0:0:0:0:1%0 -  -  [22/Jul/2012:22:00:05 +0000] "GET /mod-repo/css/smoothness/images/ui-bg_glass_75_e6e6e6_1x400.png HTTP/1.1" 404 1448 
0:0:0:0:0:0:0:1%0 -  -  [22/Jul/2012:22:01:32 +0000] "GET /mod-repo/auth/register HTTP/1.1" 200 1982 
0:0:0:0:0:0:0:1%0 -  -  [22/Jul/2012:22:01:32 +0000] "GET /mod-repo/css/smoothness/jquery-ui-1.8.21.custom.css HTTP/1.1" 304 0 
0:0:0:0:0:0:0:1%0 -  -  [22/Jul/2012:22:01:32 +0000] "GET /mod-repo/css/pwdwidget.css HTTP/1.1" 304 0 
0:0:0:0:0:0:0:1%0 -  -  [22/Jul/2012:22:01:32 +0000] "GET /mod-repo/js/jquery-1.7.2.min.js HTTP/1.1" 304 0 
0:0:0:0:0:0:0:1%0 -  -  [22/Jul/2012:22:01:32 +0000] "GET /mod-repo/js/modrepo.js HTTP/1.1" 304 0 
0:0:0:0:0:0:0:1%0 -  -  [22/Jul/2012:22:01:32 +0000] "GET /mod-repo/css/main.css HTTP/1.1" 200 324 
0:0:0:0:0:0:0:1%0 -  -  [22/Jul/2012:22:01:32 +0000] "GET /mod-repo/js/jquery-ui-1.8.21.custom.min.js HTTP/1.1" 304 0 
0:0:0:0:0:0:0:1%0 -  -  [22/Jul/2012:22:01:32 +0000] "GET /mod-repo/js/pwdwidget.js HTTP/1.1" 304 0 
0:0:0:0:0:0:0:1%0 -  -  [22/Jul/2012:22:01:32 +0000] "GET /mod-repo/css/smoothness/images/ui-bg_highlight-soft_75_cccccc_1x100.png HTTP/1.1" 404 1457 
0:0:0:0:0:0:0:1%0 -  -  [22/Jul/2012:22:01:32 +0000] "GET /mod-repo/css/smoothness/images/ui-bg_glass_75_e6e6e6_1x400.png HTTP/1.1" 404 1448 
0:0:0:0:0:0:0:1%0 -  -  [22/Jul/2012:22:02:03 +0000] "GET /mod-repo/css/smoothness/images/ui-bg_glass_75_dadada_1x400.png HTTP/1.1" 404 1448 
0:0:0:0:0:0:0:1%0 -  -  [22/Jul/2012:22:03:40 +0000] "GET /mod-repo/auth/register HTTP/1.1" 200 2091 
0:0:0:0:0:0:0:1%0 -  -  [22/Jul/2012:22:03:40 +0000] "GET /mod-repo/css/smoothness/jquery-ui-1.8.21.custom.css HTTP/1.1" 304 0 
0:0:0:0:0:0:0:1%0 -  -  [22/Jul/2012:22:03:40 +0000] "GET /mod-repo/css/pwdwidget.css HTTP/1.1" 304 0 
0:0:0:0:0:0:0:1%0 -  -  [22/Jul/2012:22:03:40 +0000] "GET /mod-repo/js/jquery-1.7.2.min.js HTTP/1.1" 304 0 
0:0:0:0:0:0:0:1%0 -  -  [22/Jul/2012:22:03:40 +0000] "GET /mod-repo/css/main.css HTTP/1.1" 200 555 
0:0:0:0:0:0:0:1%0 -  -  [22/Jul/2012:22:03:40 +0000] "GET /mod-repo/js/modrepo.js HTTP/1.1" 304 0 
0:0:0:0:0:0:0:1%0 -  -  [22/Jul/2012:22:03:40 +0000] "GET /mod-repo/js/jquery-ui-1.8.21.custom.min.js HTTP/1.1" 304 0 
0:0:0:0:0:0:0:1%0 -  -  [22/Jul/2012:22:03:40 +0000] "GET /mod-repo/js/pwdwidget.js HTTP/1.1" 304 0 
0:0:0:0:0:0:0:1%0 -  -  [22/Jul/2012:22:03:40 +0000] "GET /mod-repo/css/smoothness/images/ui-bg_glass_75_e6e6e6_1x400.png HTTP/1.1" 404 1448 
0:0:0:0:0:0:0:1%0 -  -  [22/Jul/2012:22:03:40 +0000] "GET /mod-repo/css/smoothness/images/ui-bg_highlight-soft_75_cccccc_1x100.png HTTP/1.1" 404 1457 
0:0:0:0:0:0:0:1%0 -  -  [22/Jul/2012:22:26:00 +0000] "GET /mod-repo/auth/register HTTP/1.1" 200 2091 
0:0:0:0:0:0:0:1%0 -  -  [22/Jul/2012:22:26:03 +0000] "GET /mod-repo/css/smoothness/jquery-ui-1.8.21.custom.css HTTP/1.1" 304 0 
0:0:0:0:0:0:0:1%0 -  -  [22/Jul/2012:22:26:03 +0000] "GET /mod-repo/css/pwdwidget.css HTTP/1.1" 304 0 
0:0:0:0:0:0:0:1%0 -  -  [22/Jul/2012:22:26:03 +0000] "GET /mod-repo/js/jquery-ui-1.8.21.custom.min.js HTTP/1.1" 304 0 
0:0:0:0:0:0:0:1%0 -  -  [22/Jul/2012:22:26:03 +0000] "GET /mod-repo/js/jquery-1.7.2.min.js HTTP/1.1" 304 0 
0:0:0:0:0:0:0:1%0 -  -  [22/Jul/2012:22:26:03 +0000] "GET /mod-repo/js/modrepo.js HTTP/1.1" 304 0 
0:0:0:0:0:0:0:1%0 -  -  [22/Jul/2012:22:26:03 +0000] "GET /mod-repo/css/main.css HTTP/1.1" 200 559 
0:0:0:0:0:0:0:1%0 -  -  [22/Jul/2012:22:26:04 +0000] "GET /mod-repo/js/pwdwidget.js HTTP/1.1" 304 0 
0:0:0:0:0:0:0:1%0 -  -  [22/Jul/2012:22:26:05 +0000] "GET /mod-repo/css/smoothness/images/ui-bg_highlight-soft_75_cccccc_1x100.png HTTP/1.1" 404 1457 
0:0:0:0:0:0:0:1%0 -  -  [22/Jul/2012:22:26:05 +0000] "GET /mod-repo/css/smoothness/images/ui-bg_glass_75_e6e6e6_1x400.png HTTP/1.1" 404 1448 
0:0:0:0:0:0:0:1%0 -  -  [22/Jul/2012:22:26:11 +0000] "GET /mod-repo/css/smoothness/images/ui-bg_glass_75_dadada_1x400.png HTTP/1.1" 404 1448 
0:0:0:0:0:0:0:1%0 -  -  [22/Jul/2012:22:26:11 +0000] "GET /mod-repo/css/smoothness/images/ui-bg_glass_65_ffffff_1x400.png HTTP/1.1" 404 1448 
0:0:0:0:0:0:0:1%0 -  -  [22/Jul/2012:22:26:12 +0000] "POST /mod-repo/auth/register HTTP/1.1" 200 2226 
0:0:0:0:0:0:0:1%0 -  -  [22/Jul/2012:22:26:13 +0000] "GET /mod-repo/css/smoothness/images/ui-bg_glass_75_dadada_1x400.png HTTP/1.1" 404 1448 
0:0:0:0:0:0:0:1%0 -  -  [22/Jul/2012:22:26:12 +0000] "GET /mod-repo/css/smoothness/images/ui-bg_glass_75_e6e6e6_1x400.png HTTP/1.1" 404 1448 
0:0:0:0:0:0:0:1%0 -  -  [22/Jul/2012:22:26:12 +0000] "GET /mod-repo/css/smoothness/images/ui-bg_highlight-soft_75_cccccc_1x100.png HTTP/1.1" 404 1457 
0:0:0:0:0:0:0:1%0 -  -  [22/Jul/2012:22:27:51 +0000] "POST /mod-repo/auth/register HTTP/1.1" 200 2226 
0:0:0:0:0:0:0:1%0 -  -  [22/Jul/2012:22:27:52 +0000] "GET /mod-repo/css/smoothness/jquery-ui-1.8.21.custom.css HTTP/1.1" 304 0 
0:0:0:0:0:0:0:1%0 -  -  [22/Jul/2012:22:27:52 +0000] "GET /mod-repo/css/main.css HTTP/1.1" 304 0 
0:0:0:0:0:0:0:1%0 -  -  [22/Jul/2012:22:27:52 +0000] "GET /mod-repo/js/jquery-1.7.2.min.js HTTP/1.1" 304 0 
0:0:0:0:0:0:0:1%0 -  -  [22/Jul/2012:22:27:52 +0000] "GET /mod-repo/js/jquery-ui-1.8.21.custom.min.js HTTP/1.1" 304 0 
0:0:0:0:0:0:0:1%0 -  -  [22/Jul/2012:22:27:52 +0000] "GET /mod-repo/js/modrepo.js HTTP/1.1" 304 0 
0:0:0:0:0:0:0:1%0 -  -  [22/Jul/2012:22:27:52 +0000] "GET /mod-repo/css/pwdwidget.css HTTP/1.1" 304 0 
0:0:0:0:0:0:0:1%0 -  -  [22/Jul/2012:22:27:52 +0000] "GET /mod-repo/js/pwdwidget.js HTTP/1.1" 304 0 
0:0:0:0:0:0:0:1%0 -  -  [22/Jul/2012:22:27:52 +0000] "GET /mod-repo/css/smoothness/images/ui-bg_glass_75_e6e6e6_1x400.png HTTP/1.1" 404 1448 
0:0:0:0:0:0:0:1%0 -  -  [22/Jul/2012:22:27:52 +0000] "GET /mod-repo/css/smoothness/images/ui-bg_highlight-soft_75_cccccc_1x100.png HTTP/1.1" 404 1457 
0:0:0:0:0:0:0:1%0 -  -  [22/Jul/2012:22:28:05 +0000] "POST /mod-repo/auth/register HTTP/1.1" 200 2226 
0:0:0:0:0:0:0:1%0 -  -  [22/Jul/2012:22:28:05 +0000] "GET /mod-repo/js/modrepo.js HTTP/1.1" 304 0 
0:0:0:0:0:0:0:1%0 -  -  [22/Jul/2012:22:28:05 +0000] "GET /mod-repo/js/jquery-1.7.2.min.js HTTP/1.1" 304 0 
0:0:0:0:0:0:0:1%0 -  -  [22/Jul/2012:22:28:05 +0000] "GET /mod-repo/css/smoothness/jquery-ui-1.8.21.custom.css HTTP/1.1" 304 0 
0:0:0:0:0:0:0:1%0 -  -  [22/Jul/2012:22:28:05 +0000] "GET /mod-repo/js/jquery-ui-1.8.21.custom.min.js HTTP/1.1" 304 0 
0:0:0:0:0:0:0:1%0 -  -  [22/Jul/2012:22:28:05 +0000] "GET /mod-repo/css/main.css HTTP/1.1" 304 0 
0:0:0:0:0:0:0:1%0 -  -  [22/Jul/2012:22:28:05 +0000] "GET /mod-repo/css/pwdwidget.css HTTP/1.1" 304 0 
0:0:0:0:0:0:0:1%0 -  -  [22/Jul/2012:22:28:05 +0000] "GET /mod-repo/js/pwdwidget.js HTTP/1.1" 304 0 
0:0:0:0:0:0:0:1%0 -  -  [22/Jul/2012:22:28:05 +0000] "GET /mod-repo/css/smoothness/images/ui-bg_highlight-soft_75_cccccc_1x100.png HTTP/1.1" 404 1457 
0:0:0:0:0:0:0:1%0 -  -  [22/Jul/2012:22:28:05 +0000] "GET /mod-repo/css/smoothness/images/ui-bg_glass_75_e6e6e6_1x400.png HTTP/1.1" 404 1448 
0:0:0:0:0:0:0:1%0 -  -  [22/Jul/2012:22:28:53 +0000] "POST /mod-repo/auth/register HTTP/1.1" 200 2226 
0:0:0:0:0:0:0:1%0 -  -  [22/Jul/2012:22:28:54 +0000] "GET /mod-repo/js/jquery-1.7.2.min.js HTTP/1.1" 304 0 
0:0:0:0:0:0:0:1%0 -  -  [22/Jul/2012:22:28:54 +0000] "GET /mod-repo/js/jquery-ui-1.8.21.custom.min.js HTTP/1.1" 304 0 
0:0:0:0:0:0:0:1%0 -  -  [22/Jul/2012:22:28:54 +0000] "GET /mod-repo/js/modrepo.js HTTP/1.1" 304 0 
0:0:0:0:0:0:0:1%0 -  -  [22/Jul/2012:22:28:54 +0000] "GET /mod-repo/css/main.css HTTP/1.1" 304 0 
0:0:0:0:0:0:0:1%0 -  -  [22/Jul/2012:22:28:54 +0000] "GET /mod-repo/css/smoothness/jquery-ui-1.8.21.custom.css HTTP/1.1" 304 0 
0:0:0:0:0:0:0:1%0 -  -  [22/Jul/2012:22:28:55 +0000] "GET /mod-repo/css/pwdwidget.css HTTP/1.1" 304 0 
0:0:0:0:0:0:0:1%0 -  -  [22/Jul/2012:22:28:55 +0000] "GET /mod-repo/js/pwdwidget.js HTTP/1.1" 304 0 
0:0:0:0:0:0:0:1%0 -  -  [22/Jul/2012:22:28:55 +0000] "GET /mod-repo/css/smoothness/images/ui-bg_glass_75_e6e6e6_1x400.png HTTP/1.1" 404 1448 
0:0:0:0:0:0:0:1%0 -  -  [22/Jul/2012:22:28:55 +0000] "GET /mod-repo/css/smoothness/images/ui-bg_highlight-soft_75_cccccc_1x100.png HTTP/1.1" 404 1457 
0:0:0:0:0:0:0:1%0 -  -  [22/Jul/2012:22:30:53 +0000] "POST /mod-repo/auth/register HTTP/1.1" 200 2223 
0:0:0:0:0:0:0:1%0 -  -  [22/Jul/2012:22:31:03 +0000] "GET /mod-repo/css/smoothness/jquery-ui-1.8.21.custom.css HTTP/1.1" 304 0 
0:0:0:0:0:0:0:1%0 -  -  [22/Jul/2012:22:31:03 +0000] "GET /mod-repo/css/main.css HTTP/1.1" 304 0 
0:0:0:0:0:0:0:1%0 -  -  [22/Jul/2012:22:31:03 +0000] "GET /mod-repo/js/jquery-ui-1.8.21.custom.min.js HTTP/1.1" 304 0 
0:0:0:0:0:0:0:1%0 -  -  [22/Jul/2012:22:31:03 +0000] "GET /mod-repo/js/modrepo.js HTTP/1.1" 304 0 
0:0:0:0:0:0:0:1%0 -  -  [22/Jul/2012:22:31:03 +0000] "GET /mod-repo/js/jquery-1.7.2.min.js HTTP/1.1" 304 0 
0:0:0:0:0:0:0:1%0 -  -  [22/Jul/2012:22:31:04 +0000] "GET /mod-repo/js/pwdwidget.js HTTP/1.1" 304 0 
0:0:0:0:0:0:0:1%0 -  -  [22/Jul/2012:22:31:04 +0000] "GET /mod-repo/css/pwdwidget.css HTTP/1.1" 304 0 
0:0:0:0:0:0:0:1%0 -  -  [22/Jul/2012:22:31:04 +0000] "GET /mod-repo/css/smoothness/images/ui-bg_highlight-soft_75_cccccc_1x100.png HTTP/1.1" 404 1457 
0:0:0:0:0:0:0:1%0 -  -  [22/Jul/2012:22:31:04 +0000] "GET /mod-repo/css/smoothness/images/ui-bg_glass_75_e6e6e6_1x400.png HTTP/1.1" 404 1448 
0:0:0:0:0:0:0:1%0 -  -  [22/Jul/2012:22:31:09 +0000] "GET /mod-repo/css/smoothness/images/ui-bg_glass_75_dadada_1x400.png HTTP/1.1" 404 1448 
0:0:0:0:0:0:0:1%0 -  -  [22/Jul/2012:22:35:53 +0000] "POST /mod-repo/auth/register HTTP/1.1" 200 2266 
0:0:0:0:0:0:0:1%0 -  -  [22/Jul/2012:22:35:55 +0000] "GET /mod-repo/css/main.css HTTP/1.1" 304 0 
0:0:0:0:0:0:0:1%0 -  -  [22/Jul/2012:22:35:54 +0000] "GET /mod-repo/css/smoothness/jquery-ui-1.8.21.custom.css HTTP/1.1" 304 0 
0:0:0:0:0:0:0:1%0 -  -  [22/Jul/2012:22:35:55 +0000] "GET /mod-repo/js/jquery-1.7.2.min.js HTTP/1.1" 304 0 
0:0:0:0:0:0:0:1%0 -  -  [22/Jul/2012:22:35:55 +0000] "GET /mod-repo/js/modrepo.js HTTP/1.1" 304 0 
0:0:0:0:0:0:0:1%0 -  -  [22/Jul/2012:22:35:55 +0000] "GET /mod-repo/js/jquery-ui-1.8.21.custom.min.js HTTP/1.1" 304 0 
0:0:0:0:0:0:0:1%0 -  -  [22/Jul/2012:22:35:55 +0000] "GET /mod-repo/css/pwdwidget.css HTTP/1.1" 304 0 
0:0:0:0:0:0:0:1%0 -  -  [22/Jul/2012:22:35:55 +0000] "GET /mod-repo/js/pwdwidget.js HTTP/1.1" 304 0 
0:0:0:0:0:0:0:1%0 -  -  [22/Jul/2012:22:35:56 +0000] "GET /mod-repo/css/smoothness/images/ui-bg_highlight-soft_75_cccccc_1x100.png HTTP/1.1" 404 1457 
0:0:0:0:0:0:0:1%0 -  -  [22/Jul/2012:22:35:56 +0000] "GET /mod-repo/css/smoothness/images/ui-bg_flat_75_ffffff_40x100.png HTTP/1.1" 404 1448 
0:0:0:0:0:0:0:1%0 -  -  [22/Jul/2012:22:35:56 +0000] "GET /mod-repo/css/smoothness/images/ui-bg_glass_75_e6e6e6_1x400.png HTTP/1.1" 404 1448 
0:0:0:0:0:0:0:1%0 -  -  [22/Jul/2012:22:36:19 +0000] "POST /mod-repo/auth/register HTTP/1.1" 200 2289 
0:0:0:0:0:0:0:1%0 -  -  [22/Jul/2012:22:36:20 +0000] "GET /mod-repo/js/jquery-1.7.2.min.js HTTP/1.1" 304 0 
0:0:0:0:0:0:0:1%0 -  -  [22/Jul/2012:22:36:20 +0000] "GET /mod-repo/css/main.css HTTP/1.1" 304 0 
0:0:0:0:0:0:0:1%0 -  -  [22/Jul/2012:22:36:20 +0000] "GET /mod-repo/css/smoothness/jquery-ui-1.8.21.custom.css HTTP/1.1" 304 0 
0:0:0:0:0:0:0:1%0 -  -  [22/Jul/2012:22:36:20 +0000] "GET /mod-repo/js/jquery-ui-1.8.21.custom.min.js HTTP/1.1" 304 0 
0:0:0:0:0:0:0:1%0 -  -  [22/Jul/2012:22:36:20 +0000] "GET /mod-repo/js/modrepo.js HTTP/1.1" 304 0 
0:0:0:0:0:0:0:1%0 -  -  [22/Jul/2012:22:36:20 +0000] "GET /mod-repo/css/pwdwidget.css HTTP/1.1" 304 0 
0:0:0:0:0:0:0:1%0 -  -  [22/Jul/2012:22:36:20 +0000] "GET /mod-repo/js/pwdwidget.js HTTP/1.1" 304 0 
0:0:0:0:0:0:0:1%0 -  -  [22/Jul/2012:22:36:20 +0000] "GET /mod-repo/css/smoothness/images/ui-bg_highlight-soft_75_cccccc_1x100.png HTTP/1.1" 404 1457 
0:0:0:0:0:0:0:1%0 -  -  [22/Jul/2012:22:36:20 +0000] "GET /mod-repo/css/smoothness/images/ui-bg_flat_75_ffffff_40x100.png HTTP/1.1" 404 1448 
0:0:0:0:0:0:0:1%0 -  -  [22/Jul/2012:22:36:20 +0000] "GET /mod-repo/css/smoothness/images/ui-bg_glass_75_e6e6e6_1x400.png HTTP/1.1" 404 1448 
0:0:0:0:0:0:0:1%0 -  -  [22/Jul/2012:22:37:22 +0000] "POST /mod-repo/auth/register HTTP/1.1" 200 2297 
0:0:0:0:0:0:0:1%0 -  -  [22/Jul/2012:22:37:23 +0000] "GET /mod-repo/css/smoothness/jquery-ui-1.8.21.custom.css HTTP/1.1" 304 0 
0:0:0:0:0:0:0:1%0 -  -  [22/Jul/2012:22:37:23 +0000] "GET /mod-repo/js/jquery-1.7.2.min.js HTTP/1.1" 304 0 
0:0:0:0:0:0:0:1%0 -  -  [22/Jul/2012:22:37:23 +0000] "GET /mod-repo/js/modrepo.js HTTP/1.1" 304 0 
0:0:0:0:0:0:0:1%0 -  -  [22/Jul/2012:22:37:23 +0000] "GET /mod-repo/css/main.css HTTP/1.1" 304 0 
0:0:0:0:0:0:0:1%0 -  -  [22/Jul/2012:22:37:23 +0000] "GET /mod-repo/js/jquery-ui-1.8.21.custom.min.js HTTP/1.1" 304 0 
0:0:0:0:0:0:0:1%0 -  -  [22/Jul/2012:22:37:23 +0000] "GET /mod-repo/css/pwdwidget.css HTTP/1.1" 304 0 
0:0:0:0:0:0:0:1%0 -  -  [22/Jul/2012:22:37:23 +0000] "GET /mod-repo/js/pwdwidget.js HTTP/1.1" 304 0 
0:0:0:0:0:0:0:1%0 -  -  [22/Jul/2012:22:37:23 +0000] "GET /mod-repo/css/smoothness/images/ui-bg_highlight-soft_75_cccccc_1x100.png HTTP/1.1" 404 1457 
0:0:0:0:0:0:0:1%0 -  -  [22/Jul/2012:22:37:23 +0000] "GET /mod-repo/css/smoothness/images/ui-bg_flat_75_ffffff_40x100.png HTTP/1.1" 404 1448 
0:0:0:0:0:0:0:1%0 -  -  [22/Jul/2012:22:37:23 +0000] "GET /mod-repo/css/smoothness/images/ui-bg_glass_75_e6e6e6_1x400.png HTTP/1.1" 404 1448 
0:0:0:0:0:0:0:1%0 -  -  [22/Jul/2012:22:37:23 +0000] "GET /mod-repo/css/smoothness/images/ui-bg_glass_95_fef1ec_1x400.png HTTP/1.1" 404 1448 
0:0:0:0:0:0:0:1%0 -  -  [22/Jul/2012:22:38:56 +0000] "POST /mod-repo/auth/register HTTP/1.1" 200 2305 
0:0:0:0:0:0:0:1%0 -  -  [22/Jul/2012:22:38:56 +0000] "GET /mod-repo/css/smoothness/jquery-ui-1.8.21.custom.css HTTP/1.1" 304 0 
0:0:0:0:0:0:0:1%0 -  -  [22/Jul/2012:22:38:58 +0000] "GET /mod-repo/js/modrepo.js HTTP/1.1" 304 0 
0:0:0:0:0:0:0:1%0 -  -  [22/Jul/2012:22:38:58 +0000] "GET /mod-repo/js/jquery-1.7.2.min.js HTTP/1.1" 304 0 
0:0:0:0:0:0:0:1%0 -  -  [22/Jul/2012:22:38:58 +0000] "GET /mod-repo/js/jquery-ui-1.8.21.custom.min.js HTTP/1.1" 304 0 
0:0:0:0:0:0:0:1%0 -  -  [22/Jul/2012:22:38:58 +0000] "GET /mod-repo/css/pwdwidget.css HTTP/1.1" 304 0 
0:0:0:0:0:0:0:1%0 -  -  [22/Jul/2012:22:38:58 +0000] "GET /mod-repo/css/main.css HTTP/1.1" 304 0 
0:0:0:0:0:0:0:1%0 -  -  [22/Jul/2012:22:38:58 +0000] "GET /mod-repo/js/pwdwidget.js HTTP/1.1" 304 0 
0:0:0:0:0:0:0:1%0 -  -  [22/Jul/2012:22:38:58 +0000] "GET /mod-repo/css/smoothness/images/ui-bg_flat_75_ffffff_40x100.png HTTP/1.1" 404 1448 
0:0:0:0:0:0:0:1%0 -  -  [22/Jul/2012:22:38:58 +0000] "GET /mod-repo/css/smoothness/images/ui-bg_glass_95_fef1ec_1x400.png HTTP/1.1" 404 1448 
0:0:0:0:0:0:0:1%0 -  -  [22/Jul/2012:22:38:58 +0000] "GET /mod-repo/css/smoothness/images/ui-icons_cd0a0a_256x240.png HTTP/1.1" 404 1444 
0:0:0:0:0:0:0:1%0 -  -  [22/Jul/2012:22:38:58 +0000] "GET /mod-repo/css/smoothness/images/ui-bg_glass_75_e6e6e6_1x400.png HTTP/1.1" 404 1448 
0:0:0:0:0:0:0:1%0 -  -  [22/Jul/2012:22:38:58 +0000] "GET /mod-repo/css/smoothness/images/ui-bg_highlight-soft_75_cccccc_1x100.png HTTP/1.1" 404 1457 
0:0:0:0:0:0:0:1%0 -  -  [22/Jul/2012:22:42:12 +0000] "POST /mod-repo/auth/register HTTP/1.1" 200 2305 
0:0:0:0:0:0:0:1%0 -  -  [22/Jul/2012:22:42:13 +0000] "GET /mod-repo/css/smoothness/jquery-ui-1.8.21.custom.css HTTP/1.1" 304 0 
0:0:0:0:0:0:0:1%0 -  -  [22/Jul/2012:22:42:13 +0000] "GET /mod-repo/css/main.css HTTP/1.1" 304 0 
0:0:0:0:0:0:0:1%0 -  -  [22/Jul/2012:22:42:13 +0000] "GET /mod-repo/js/jquery-1.7.2.min.js HTTP/1.1" 304 0 
0:0:0:0:0:0:0:1%0 -  -  [22/Jul/2012:22:42:13 +0000] "GET /mod-repo/css/pwdwidget.css HTTP/1.1" 304 0 
0:0:0:0:0:0:0:1%0 -  -  [22/Jul/2012:22:42:13 +0000] "GET /mod-repo/js/jquery-ui-1.8.21.custom.min.js HTTP/1.1" 304 0 
0:0:0:0:0:0:0:1%0 -  -  [22/Jul/2012:22:42:13 +0000] "GET /mod-repo/js/modrepo.js HTTP/1.1" 304 0 
0:0:0:0:0:0:0:1%0 -  -  [22/Jul/2012:22:42:13 +0000] "GET /mod-repo/js/pwdwidget.js HTTP/1.1" 304 0 
0:0:0:0:0:0:0:1%0 -  -  [22/Jul/2012:22:42:13 +0000] "GET /mod-repo/css/smoothness/images/ui-bg_flat_75_ffffff_40x100.png HTTP/1.1" 200 178 
0:0:0:0:0:0:0:1%0 -  -  [22/Jul/2012:22:42:13 +0000] "GET /mod-repo/css/smoothness/images/ui-bg_glass_75_e6e6e6_1x400.png HTTP/1.1" 200 110 
0:0:0:0:0:0:0:1%0 -  -  [22/Jul/2012:22:42:13 +0000] "GET /mod-repo/css/smoothness/images/ui-icons_cd0a0a_256x240.png HTTP/1.1" 200 4369 
0:0:0:0:0:0:0:1%0 -  -  [22/Jul/2012:22:42:13 +0000] "GET /mod-repo/css/smoothness/images/ui-bg_highlight-soft_75_cccccc_1x100.png HTTP/1.1" 200 101 
0:0:0:0:0:0:0:1%0 -  -  [22/Jul/2012:22:42:13 +0000] "GET /mod-repo/css/smoothness/images/ui-bg_glass_95_fef1ec_1x400.png HTTP/1.1" 200 119 
0:0:0:0:0:0:0:1%0 -  -  [22/Jul/2012:22:42:41 +0000] "POST /mod-repo/auth/register HTTP/1.1" 200 2334 
0:0:0:0:0:0:0:1%0 -  -  [22/Jul/2012:22:42:42 +0000] "GET /mod-repo/js/modrepo.js HTTP/1.1" 304 0 
0:0:0:0:0:0:0:1%0 -  -  [22/Jul/2012:22:42:42 +0000] "GET /mod-repo/css/main.css HTTP/1.1" 304 0 
0:0:0:0:0:0:0:1%0 -  -  [22/Jul/2012:22:42:42 +0000] "GET /mod-repo/js/jquery-ui-1.8.21.custom.min.js HTTP/1.1" 304 0 
0:0:0:0:0:0:0:1%0 -  -  [22/Jul/2012:22:42:42 +0000] "GET /mod-repo/js/jquery-1.7.2.min.js HTTP/1.1" 304 0 
0:0:0:0:0:0:0:1%0 -  -  [22/Jul/2012:22:42:42 +0000] "GET /mod-repo/css/smoothness/jquery-ui-1.8.21.custom.css HTTP/1.1" 304 0 
0:0:0:0:0:0:0:1%0 -  -  [22/Jul/2012:22:42:42 +0000] "GET /mod-repo/css/pwdwidget.css HTTP/1.1" 304 0 
0:0:0:0:0:0:0:1%0 -  -  [22/Jul/2012:22:42:42 +0000] "GET /mod-repo/js/pwdwidget.js HTTP/1.1" 304 0 
0:0:0:0:0:0:0:1%0 -  -  [22/Jul/2012:22:42:42 +0000] "GET /mod-repo/css/smoothness/images/ui-bg_glass_75_e6e6e6_1x400.png HTTP/1.1" 304 0 
0:0:0:0:0:0:0:1%0 -  -  [22/Jul/2012:22:42:42 +0000] "GET /mod-repo/css/smoothness/images/ui-icons_cd0a0a_256x240.png HTTP/1.1" 304 0 
0:0:0:0:0:0:0:1%0 -  -  [22/Jul/2012:22:42:42 +0000] "GET /mod-repo/css/smoothness/images/ui-bg_flat_75_ffffff_40x100.png HTTP/1.1" 304 0 
0:0:0:0:0:0:0:1%0 -  -  [22/Jul/2012:22:42:42 +0000] "GET /mod-repo/css/smoothness/images/ui-bg_highlight-soft_75_cccccc_1x100.png HTTP/1.1" 304 0 
0:0:0:0:0:0:0:1%0 -  -  [22/Jul/2012:22:42:42 +0000] "GET /mod-repo/css/smoothness/images/ui-bg_glass_95_fef1ec_1x400.png HTTP/1.1" 304 0 
0:0:0:0:0:0:0:1%0 -  -  [22/Jul/2012:22:42:55 +0000] "POST /mod-repo/auth/register HTTP/1.1" 200 2340 
0:0:0:0:0:0:0:1%0 -  -  [22/Jul/2012:22:42:55 +0000] "GET /mod-repo/css/main.css HTTP/1.1" 304 0 
0:0:0:0:0:0:0:1%0 -  -  [22/Jul/2012:22:42:55 +0000] "GET /mod-repo/js/jquery-1.7.2.min.js HTTP/1.1" 304 0 
0:0:0:0:0:0:0:1%0 -  -  [22/Jul/2012:22:42:55 +0000] "GET /mod-repo/js/jquery-ui-1.8.21.custom.min.js HTTP/1.1" 304 0 
0:0:0:0:0:0:0:1%0 -  -  [22/Jul/2012:22:42:55 +0000] "GET /mod-repo/css/smoothness/jquery-ui-1.8.21.custom.css HTTP/1.1" 304 0 
0:0:0:0:0:0:0:1%0 -  -  [22/Jul/2012:22:42:55 +0000] "GET /mod-repo/js/modrepo.js HTTP/1.1" 304 0 
0:0:0:0:0:0:0:1%0 -  -  [22/Jul/2012:22:42:55 +0000] "GET /mod-repo/css/pwdwidget.css HTTP/1.1" 304 0 
0:0:0:0:0:0:0:1%0 -  -  [22/Jul/2012:22:42:55 +0000] "GET /mod-repo/js/pwdwidget.js HTTP/1.1" 304 0 
0:0:0:0:0:0:0:1%0 -  -  [22/Jul/2012:22:42:55 +0000] "GET /mod-repo/css/smoothness/images/ui-bg_flat_75_ffffff_40x100.png HTTP/1.1" 304 0 
0:0:0:0:0:0:0:1%0 -  -  [22/Jul/2012:22:42:55 +0000] "GET /mod-repo/css/smoothness/images/ui-bg_highlight-soft_75_cccccc_1x100.png HTTP/1.1" 304 0 
0:0:0:0:0:0:0:1%0 -  -  [22/Jul/2012:22:42:55 +0000] "GET /mod-repo/css/smoothness/images/ui-bg_glass_95_fef1ec_1x400.png HTTP/1.1" 304 0 
0:0:0:0:0:0:0:1%0 -  -  [22/Jul/2012:22:42:55 +0000] "GET /mod-repo/css/smoothness/images/ui-icons_cd0a0a_256x240.png HTTP/1.1" 304 0 
0:0:0:0:0:0:0:1%0 -  -  [22/Jul/2012:22:42:55 +0000] "GET /mod-repo/css/smoothness/images/ui-bg_glass_75_e6e6e6_1x400.png HTTP/1.1" 304 0 
0:0:0:0:0:0:0:1%0 -  -  [22/Jul/2012:22:43:08 +0000] "POST /mod-repo/auth/register HTTP/1.1" 200 2340 
0:0:0:0:0:0:0:1%0 -  -  [22/Jul/2012:22:43:08 +0000] "GET /mod-repo/js/jquery-1.7.2.min.js HTTP/1.1" 304 0 
0:0:0:0:0:0:0:1%0 -  -  [22/Jul/2012:22:43:08 +0000] "GET /mod-repo/css/smoothness/jquery-ui-1.8.21.custom.css HTTP/1.1" 304 0 
0:0:0:0:0:0:0:1%0 -  -  [22/Jul/2012:22:43:08 +0000] "GET /mod-repo/css/main.css HTTP/1.1" 304 0 
0:0:0:0:0:0:0:1%0 -  -  [22/Jul/2012:22:43:08 +0000] "GET /mod-repo/js/modrepo.js HTTP/1.1" 304 0 
0:0:0:0:0:0:0:1%0 -  -  [22/Jul/2012:22:43:08 +0000] "GET /mod-repo/css/pwdwidget.css HTTP/1.1" 304 0 
0:0:0:0:0:0:0:1%0 -  -  [22/Jul/2012:22:43:08 +0000] "GET /mod-repo/js/jquery-ui-1.8.21.custom.min.js HTTP/1.1" 304 0 
0:0:0:0:0:0:0:1%0 -  -  [22/Jul/2012:22:43:09 +0000] "GET /mod-repo/js/pwdwidget.js HTTP/1.1" 304 0 
0:0:0:0:0:0:0:1%0 -  -  [22/Jul/2012:22:43:09 +0000] "GET /mod-repo/css/smoothness/images/ui-bg_glass_95_fef1ec_1x400.png HTTP/1.1" 304 0 
0:0:0:0:0:0:0:1%0 -  -  [22/Jul/2012:22:43:09 +0000] "GET /mod-repo/css/smoothness/images/ui-bg_flat_75_ffffff_40x100.png HTTP/1.1" 304 0 
0:0:0:0:0:0:0:1%0 -  -  [22/Jul/2012:22:43:09 +0000] "GET /mod-repo/css/smoothness/images/ui-icons_cd0a0a_256x240.png HTTP/1.1" 304 0 
0:0:0:0:0:0:0:1%0 -  -  [22/Jul/2012:22:43:09 +0000] "GET /mod-repo/css/smoothness/images/ui-bg_highlight-soft_75_cccccc_1x100.png HTTP/1.1" 304 0 
0:0:0:0:0:0:0:1%0 -  -  [22/Jul/2012:22:43:09 +0000] "GET /mod-repo/css/smoothness/images/ui-bg_glass_75_e6e6e6_1x400.png HTTP/1.1" 304 0 
0:0:0:0:0:0:0:1%0 -  -  [22/Jul/2012:22:45:14 +0000] "POST /mod-repo/auth/register HTTP/1.1" 200 2352 
0:0:0:0:0:0:0:1%0 -  -  [22/Jul/2012:22:45:15 +0000] "GET /mod-repo/js/jquery-1.7.2.min.js HTTP/1.1" 304 0 
0:0:0:0:0:0:0:1%0 -  -  [22/Jul/2012:22:45:14 +0000] "GET /mod-repo/css/smoothness/jquery-ui-1.8.21.custom.css HTTP/1.1" 304 0 
0:0:0:0:0:0:0:1%0 -  -  [22/Jul/2012:22:45:15 +0000] "GET /mod-repo/css/main.css HTTP/1.1" 304 0 
0:0:0:0:0:0:0:1%0 -  -  [22/Jul/2012:22:45:15 +0000] "GET /mod-repo/js/modrepo.js HTTP/1.1" 304 0 
0:0:0:0:0:0:0:1%0 -  -  [22/Jul/2012:22:45:15 +0000] "GET /mod-repo/js/jquery-ui-1.8.21.custom.min.js HTTP/1.1" 304 0 
0:0:0:0:0:0:0:1%0 -  -  [22/Jul/2012:22:45:15 +0000] "GET /mod-repo/css/pwdwidget.css HTTP/1.1" 304 0 
0:0:0:0:0:0:0:1%0 -  -  [22/Jul/2012:22:45:15 +0000] "GET /mod-repo/js/pwdwidget.js HTTP/1.1" 304 0 
0:0:0:0:0:0:0:1%0 -  -  [22/Jul/2012:22:45:15 +0000] "GET /mod-repo/css/smoothness/images/ui-bg_highlight-soft_75_cccccc_1x100.png HTTP/1.1" 304 0 
0:0:0:0:0:0:0:1%0 -  -  [22/Jul/2012:22:45:15 +0000] "GET /mod-repo/css/smoothness/images/ui-icons_cd0a0a_256x240.png HTTP/1.1" 304 0 
0:0:0:0:0:0:0:1%0 -  -  [22/Jul/2012:22:45:15 +0000] "GET /mod-repo/css/smoothness/images/ui-bg_flat_75_ffffff_40x100.png HTTP/1.1" 304 0 
0:0:0:0:0:0:0:1%0 -  -  [22/Jul/2012:22:45:15 +0000] "GET /mod-repo/css/smoothness/images/ui-bg_glass_75_e6e6e6_1x400.png HTTP/1.1" 304 0 
0:0:0:0:0:0:0:1%0 -  -  [22/Jul/2012:22:45:15 +0000] "GET /mod-repo/css/smoothness/images/ui-bg_glass_95_fef1ec_1x400.png HTTP/1.1" 304 0 
0:0:0:0:0:0:0:1%0 -  -  [22/Jul/2012:22:45:44 +0000] "GET /mod-repo/css/smoothness/images/ui-bg_glass_75_dadada_1x400.png HTTP/1.1" 200 111 
0:0:0:0:0:0:0:1%0 -  -  [22/Jul/2012:22:45:45 +0000] "GET /mod-repo/css/smoothness/images/ui-bg_glass_65_ffffff_1x400.png HTTP/1.1" 200 105 
0:0:0:0:0:0:0:1%0 -  -  [22/Jul/2012:22:45:46 +0000] "POST /mod-repo/auth/register HTTP/1.1" 200 2359 
0:0:0:0:0:0:0:1%0 -  -  [22/Jul/2012:22:46:22 +0000] "GET /mod-repo/auth/register HTTP/1.1" 200 2154 
0:0:0:0:0:0:0:1%0 -  -  [22/Jul/2012:22:47:09 +0000] "GET /mod-repo/auth/register HTTP/1.1" 200 2154 
0:0:0:0:0:0:0:1%0 -  -  [22/Jul/2012:22:47:09 +0000] "GET /mod-repo/css/smoothness/jquery-ui-1.8.21.custom.css HTTP/1.1" 304 0 
0:0:0:0:0:0:0:1%0 -  -  [22/Jul/2012:22:47:09 +0000] "GET /mod-repo/js/modrepo.js HTTP/1.1" 304 0 
0:0:0:0:0:0:0:1%0 -  -  [22/Jul/2012:22:47:09 +0000] "GET /mod-repo/css/pwdwidget.css HTTP/1.1" 304 0 
0:0:0:0:0:0:0:1%0 -  -  [22/Jul/2012:22:47:09 +0000] "GET /mod-repo/css/main.css HTTP/1.1" 304 0 
0:0:0:0:0:0:0:1%0 -  -  [22/Jul/2012:22:47:09 +0000] "GET /mod-repo/js/jquery-ui-1.8.21.custom.min.js HTTP/1.1" 304 0 
0:0:0:0:0:0:0:1%0 -  -  [22/Jul/2012:22:47:09 +0000] "GET /mod-repo/js/jquery-1.7.2.min.js HTTP/1.1" 304 0 
0:0:0:0:0:0:0:1%0 -  -  [22/Jul/2012:22:47:10 +0000] "GET /mod-repo/js/pwdwidget.js HTTP/1.1" 304 0 
0:0:0:0:0:0:0:1%0 -  -  [22/Jul/2012:22:47:10 +0000] "GET /mod-repo/css/smoothness/images/ui-bg_highlight-soft_75_cccccc_1x100.png HTTP/1.1" 304 0 
0:0:0:0:0:0:0:1%0 -  -  [22/Jul/2012:22:47:10 +0000] "GET /mod-repo/css/smoothness/images/ui-bg_glass_75_e6e6e6_1x400.png HTTP/1.1" 304 0 
0:0:0:0:0:0:0:1%0 -  -  [22/Jul/2012:22:47:10 +0000] "GET /mod-repo/css/smoothness/images/ui-bg_flat_75_ffffff_40x100.png HTTP/1.1" 304 0 
0:0:0:0:0:0:0:1%0 -  -  [22/Jul/2012:22:48:21 +0000] "GET /mod-repo/auth/register HTTP/1.1" 200 2154 
0:0:0:0:0:0:0:1%0 -  -  [22/Jul/2012:22:48:21 +0000] "GET /mod-repo/css/smoothness/jquery-ui-1.8.21.custom.css HTTP/1.1" 304 0 
0:0:0:0:0:0:0:1%0 -  -  [22/Jul/2012:22:48:21 +0000] "GET /mod-repo/js/modrepo.js HTTP/1.1" 304 0 
0:0:0:0:0:0:0:1%0 -  -  [22/Jul/2012:22:48:21 +0000] "GET /mod-repo/js/jquery-1.7.2.min.js HTTP/1.1" 304 0 
0:0:0:0:0:0:0:1%0 -  -  [22/Jul/2012:22:48:21 +0000] "GET /mod-repo/css/main.css HTTP/1.1" 304 0 
0:0:0:0:0:0:0:1%0 -  -  [22/Jul/2012:22:48:21 +0000] "GET /mod-repo/js/jquery-ui-1.8.21.custom.min.js HTTP/1.1" 304 0 
0:0:0:0:0:0:0:1%0 -  -  [22/Jul/2012:22:48:21 +0000] "GET /mod-repo/css/pwdwidget.css HTTP/1.1" 304 0 
0:0:0:0:0:0:0:1%0 -  -  [22/Jul/2012:22:48:22 +0000] "GET /mod-repo/js/pwdwidget.js HTTP/1.1" 304 0 
0:0:0:0:0:0:0:1%0 -  -  [22/Jul/2012:22:48:22 +0000] "GET /mod-repo/css/smoothness/images/ui-bg_highlight-soft_75_cccccc_1x100.png HTTP/1.1" 304 0 
0:0:0:0:0:0:0:1%0 -  -  [22/Jul/2012:22:48:22 +0000] "GET /mod-repo/css/smoothness/images/ui-bg_glass_75_e6e6e6_1x400.png HTTP/1.1" 304 0 
0:0:0:0:0:0:0:1%0 -  -  [22/Jul/2012:22:48:22 +0000] "GET /mod-repo/css/smoothness/images/ui-bg_flat_75_ffffff_40x100.png HTTP/1.1" 304 0 
